<?xml version="1.0" encoding="UTF-8"?>
<!-- Generated by org.testng.reporters.JUnitReportReporter -->
<testsuite hostname="Mypc" name="testNG.empregtest" tests="1" failures="0" timestamp="13 Sep 2016 14:09:23 GMT" time="6.344" errors="0">
  <testcase name="org_Empreg" time="6.344" classname="testNG.empregtest"/>
</testsuite> <!-- testNG.empregtest -->
