<?xml version="1.0" encoding="UTF-8"?>
<!-- Generated by org.testng.reporters.JUnitReportReporter -->
<testsuite hostname="Mypc" name="testNG.userregTest" tests="1" failures="0" timestamp="13 Sep 2016 14:09:23 GMT" time="10.231" errors="0">
  <testcase name="org_userreg" time="10.231" classname="testNG.userregTest"/>
</testsuite> <!-- testNG.userregTest -->
