<?xml version="1.0" encoding="UTF-8"?>
<!-- Generated by org.testng.reporters.JUnitReportReporter -->
<testsuite hostname="Mypc" name="testNG.basicAnnotations" tests="3" failures="0" timestamp="12 Sep 2016 14:35:39 GMT" time="0.080" errors="0">
  <testcase name="a" time="0.016" classname="testNG.basicAnnotations"/>
  <testcase name="function2" time="0.014" classname="testNG.basicAnnotations"/>
  <testcase name="function1" time="0.050" classname="testNG.basicAnnotations"/>
</testsuite> <!-- testNG.basicAnnotations -->
