<?xml version="1.0" encoding="UTF-8"?>
<!-- Generated by org.testng.reporters.JUnitReportReporter -->
<testsuite hostname="Mypc" name="POM.loginTC" tests="1" failures="0" timestamp="13 Sep 2016 14:51:53 GMT" time="19.862" errors="0">
  <testcase name="org_Login" time="19.862" classname="POM.loginTC"/>
</testsuite> <!-- POM.loginTC -->
