<?xml version="1.0" encoding="UTF-8"?>
<!-- Generated by org.testng.reporters.JUnitReportReporter -->
<testsuite hostname="Mypc" name="Grid.grideg1" tests="2" failures="0" timestamp="14 Sep 2016 14:50:45 GMT" time="113.352" errors="0">
  <testcase name="grid" time="33.777" classname="Grid.grideg1"/>
  <testcase name="grid" time="79.575" classname="Grid.grideg1"/>
</testsuite> <!-- Grid.grideg1 -->
