<?xml version="1.0" encoding="UTF-8"?>
<!-- Generated by org.testng.reporters.JUnitReportReporter -->
<testsuite hostname="Mypc" name="testNG.dataprovider" tests="3" failures="0" timestamp="13 Sep 2016 14:26:41 GMT" time="38.274" errors="0">
  <testcase name="test" time="7.845" classname="testNG.dataprovider"/>
  <testcase name="test" time="21.309" classname="testNG.dataprovider"/>
  <testcase name="test" time="9.120" classname="testNG.dataprovider"/>
</testsuite> <!-- testNG.dataprovider -->
